<?xml version="1.0" encoding="UTF-8"?>
<!-- Generated by org.testng.reporters.JUnitReportReporter -->
<testsuite hostname="DESKTOP-NS8O6HA" failures="0" tests="3" name="BaseLayer.DataDRI2" time="30.842" errors="0" timestamp="2022-05-07T12:44:56 IST" skipped="0">
  <testcase classname="BaseLayer.DataDRI2" name="loginTest" time="10.346"/>
  <system-out/>
  <testcase classname="BaseLayer.DataDRI2" name="loginTest" time="10.291"/>
  <system-out/>
  <testcase classname="BaseLayer.DataDRI2" name="loginTest" time="10.205"/>
  <system-out/>
</testsuite> <!-- BaseLayer.DataDRI2 -->
