<?xml version="1.0" encoding="UTF-8"?>
<!-- Generated by org.testng.reporters.JUnitReportReporter -->
<testsuite hostname="DESKTOP-NS8O6HA" failures="0" tests="3" name="BaseLayer.DataDRI" time="3.449" errors="0" timestamp="2022-06-16T19:50:43 IST" skipped="0">
  <testcase classname="BaseLayer.DataDRI" name="loginTest" time="1.867"/>
  <system-out/>
  <testcase classname="BaseLayer.DataDRI" name="loginTest" time="1.046"/>
  <system-out/>
  <testcase classname="BaseLayer.DataDRI" name="loginTest" time="0.536"/>
  <system-out/>
</testsuite> <!-- BaseLayer.DataDRI -->
