<?xml version="1.0" encoding="UTF-8"?>
<!-- Generated by org.testng.reporters.JUnitReportReporter -->
<testsuite hostname="DESKTOP-NS8O6HA" failures="0" tests="3" name="BaseLayer.DataDRIParallel" time="33.372" errors="0" timestamp="2022-05-16T14:31:00 IST" skipped="0">
  <testcase classname="BaseLayer.DataDRIParallel" name="loginTest" time="11.022"/>
  <system-out/>
  <testcase classname="BaseLayer.DataDRIParallel" name="loginTest" time="11.155"/>
  <system-out/>
  <testcase classname="BaseLayer.DataDRIParallel" name="loginTest" time="11.195"/>
  <system-out/>
</testsuite> <!-- BaseLayer.DataDRIParallel -->
