<?xml version="1.0" encoding="UTF-8"?>
<!-- Generated by org.testng.reporters.JUnitReportReporter -->
<testsuite hostname="DESKTOP-NS8O6HA" failures="0" tests="1" name="BaseLayer.DropDown" time="44.142" errors="0" timestamp="2022-06-16T19:54:18 IST" skipped="0">
  <testcase classname="BaseLayer.DropDown" name="logintest" time="44.142"/>
  <system-out/>
</testsuite> <!-- BaseLayer.DropDown -->
